[2023-10-30 18:35:46] local.ERROR: The "/var/www/html/Laravel-Smarthr/app" directory does not exist. {"exception":"[object] (Symfony\\Component\\Finder\\Exception\\DirectoryNotFoundException(code: 0): The \"/var/www/html/Laravel-Smarthr/app\" directory does not exist. at /var/www/html/vendor/symfony/finder/Finder.php:592)
[stacktrace]
#0 /var/www/html/vendor/spatie/laravel-settings/src/Support/DiscoverSettings.php(61): Symfony\\Component\\Finder\\Finder->in()
#1 /var/www/html/vendor/spatie/laravel-settings/src/SettingsContainer.php(81): Spatie\\LaravelSettings\\Support\\DiscoverSettings->discover()
#2 /var/www/html/vendor/spatie/laravel-settings/src/SettingsContainer.php(61): Spatie\\LaravelSettings\\SettingsContainer->discoverSettings()
#3 /var/www/html/vendor/spatie/laravel-settings/src/SettingsContainer.php(28): Spatie\\LaravelSettings\\SettingsContainer->getSettingClasses()
#4 /var/www/html/vendor/spatie/laravel-settings/src/LaravelSettingsServiceProvider.php(63): Spatie\\LaravelSettings\\SettingsContainer->registerBindings()
#5 /var/www/html/vendor/laravel/framework/src/Illuminate/Foundation/Application.php(682): Spatie\\LaravelSettings\\LaravelSettingsServiceProvider->register()
#6 /var/www/html/vendor/laravel/framework/src/Illuminate/Foundation/ProviderRepository.php(75): Illuminate\\Foundation\\Application->register()
#7 /var/www/html/vendor/laravel/framework/src/Illuminate/Foundation/Application.php(659): Illuminate\\Foundation\\ProviderRepository->load()
#8 /var/www/html/vendor/laravel/framework/src/Illuminate/Foundation/Bootstrap/RegisterProviders.php(17): Illuminate\\Foundation\\Application->registerConfiguredProviders()
#9 /var/www/html/vendor/laravel/framework/src/Illuminate/Foundation/Application.php(237): Illuminate\\Foundation\\Bootstrap\\RegisterProviders->bootstrap()
#10 /var/www/html/vendor/laravel/framework/src/Illuminate/Foundation/Console/Kernel.php(310): Illuminate\\Foundation\\Application->bootstrapWith()
#11 /var/www/html/vendor/laravel/framework/src/Illuminate/Foundation/Console/Kernel.php(127): Illuminate\\Foundation\\Console\\Kernel->bootstrap()
#12 /var/www/html/artisan(35): Illuminate\\Foundation\\Console\\Kernel->handle()
#13 {main}
"} 
[2023-10-30 18:35:47] local.ERROR: The "/var/www/html/Laravel-Smarthr/app" directory does not exist. {"exception":"[object] (Symfony\\Component\\Finder\\Exception\\DirectoryNotFoundException(code: 0): The \"/var/www/html/Laravel-Smarthr/app\" directory does not exist. at /var/www/html/vendor/symfony/finder/Finder.php:592)
[stacktrace]
#0 /var/www/html/vendor/spatie/laravel-settings/src/Support/DiscoverSettings.php(61): Symfony\\Component\\Finder\\Finder->in()
#1 /var/www/html/vendor/spatie/laravel-settings/src/SettingsContainer.php(81): Spatie\\LaravelSettings\\Support\\DiscoverSettings->discover()
#2 /var/www/html/vendor/spatie/laravel-settings/src/SettingsContainer.php(61): Spatie\\LaravelSettings\\SettingsContainer->discoverSettings()
#3 /var/www/html/vendor/spatie/laravel-settings/src/SettingsContainer.php(28): Spatie\\LaravelSettings\\SettingsContainer->getSettingClasses()
#4 /var/www/html/vendor/spatie/laravel-settings/src/LaravelSettingsServiceProvider.php(63): Spatie\\LaravelSettings\\SettingsContainer->registerBindings()
#5 /var/www/html/vendor/laravel/framework/src/Illuminate/Foundation/Application.php(682): Spatie\\LaravelSettings\\LaravelSettingsServiceProvider->register()
#6 /var/www/html/vendor/laravel/framework/src/Illuminate/Foundation/ProviderRepository.php(75): Illuminate\\Foundation\\Application->register()
#7 /var/www/html/vendor/laravel/framework/src/Illuminate/Foundation/Application.php(659): Illuminate\\Foundation\\ProviderRepository->load()
#8 /var/www/html/vendor/laravel/framework/src/Illuminate/Foundation/Bootstrap/RegisterProviders.php(17): Illuminate\\Foundation\\Application->registerConfiguredProviders()
#9 /var/www/html/vendor/laravel/framework/src/Illuminate/Foundation/Application.php(237): Illuminate\\Foundation\\Bootstrap\\RegisterProviders->bootstrap()
#10 /var/www/html/vendor/laravel/framework/src/Illuminate/Foundation/Console/Kernel.php(310): Illuminate\\Foundation\\Application->bootstrapWith()
#11 /var/www/html/vendor/laravel/framework/src/Illuminate/Foundation/Console/Kernel.php(127): Illuminate\\Foundation\\Console\\Kernel->bootstrap()
#12 /var/www/html/artisan(35): Illuminate\\Foundation\\Console\\Kernel->handle()
#13 {main}
"} 
[2023-10-30 18:35:49] local.ERROR: The "/var/www/html/Laravel-Smarthr/app" directory does not exist. {"exception":"[object] (Symfony\\Component\\Finder\\Exception\\DirectoryNotFoundException(code: 0): The \"/var/www/html/Laravel-Smarthr/app\" directory does not exist. at /var/www/html/vendor/symfony/finder/Finder.php:592)
[stacktrace]
#0 /var/www/html/vendor/spatie/laravel-settings/src/Support/DiscoverSettings.php(61): Symfony\\Component\\Finder\\Finder->in()
#1 /var/www/html/vendor/spatie/laravel-settings/src/SettingsContainer.php(81): Spatie\\LaravelSettings\\Support\\DiscoverSettings->discover()
#2 /var/www/html/vendor/spatie/laravel-settings/src/SettingsContainer.php(61): Spatie\\LaravelSettings\\SettingsContainer->discoverSettings()
#3 /var/www/html/vendor/spatie/laravel-settings/src/SettingsContainer.php(28): Spatie\\LaravelSettings\\SettingsContainer->getSettingClasses()
#4 /var/www/html/vendor/spatie/laravel-settings/src/LaravelSettingsServiceProvider.php(63): Spatie\\LaravelSettings\\SettingsContainer->registerBindings()
#5 /var/www/html/vendor/laravel/framework/src/Illuminate/Foundation/Application.php(682): Spatie\\LaravelSettings\\LaravelSettingsServiceProvider->register()
#6 /var/www/html/vendor/laravel/framework/src/Illuminate/Foundation/ProviderRepository.php(75): Illuminate\\Foundation\\Application->register()
#7 /var/www/html/vendor/laravel/framework/src/Illuminate/Foundation/Application.php(659): Illuminate\\Foundation\\ProviderRepository->load()
#8 /var/www/html/vendor/laravel/framework/src/Illuminate/Foundation/Bootstrap/RegisterProviders.php(17): Illuminate\\Foundation\\Application->registerConfiguredProviders()
#9 /var/www/html/vendor/laravel/framework/src/Illuminate/Foundation/Application.php(237): Illuminate\\Foundation\\Bootstrap\\RegisterProviders->bootstrap()
#10 /var/www/html/vendor/laravel/framework/src/Illuminate/Foundation/Console/Kernel.php(310): Illuminate\\Foundation\\Application->bootstrapWith()
#11 /var/www/html/vendor/laravel/framework/src/Illuminate/Foundation/Console/Kernel.php(127): Illuminate\\Foundation\\Console\\Kernel->bootstrap()
#12 /var/www/html/artisan(35): Illuminate\\Foundation\\Console\\Kernel->handle()
#13 {main}
"} 
[2023-10-30 18:35:52] local.ERROR: The "/var/www/html/Laravel-Smarthr/app" directory does not exist. {"exception":"[object] (Symfony\\Component\\Finder\\Exception\\DirectoryNotFoundException(code: 0): The \"/var/www/html/Laravel-Smarthr/app\" directory does not exist. at /var/www/html/vendor/symfony/finder/Finder.php:592)
[stacktrace]
#0 /var/www/html/vendor/spatie/laravel-settings/src/Support/DiscoverSettings.php(61): Symfony\\Component\\Finder\\Finder->in()
#1 /var/www/html/vendor/spatie/laravel-settings/src/SettingsContainer.php(81): Spatie\\LaravelSettings\\Support\\DiscoverSettings->discover()
#2 /var/www/html/vendor/spatie/laravel-settings/src/SettingsContainer.php(61): Spatie\\LaravelSettings\\SettingsContainer->discoverSettings()
#3 /var/www/html/vendor/spatie/laravel-settings/src/SettingsContainer.php(28): Spatie\\LaravelSettings\\SettingsContainer->getSettingClasses()
#4 /var/www/html/vendor/spatie/laravel-settings/src/LaravelSettingsServiceProvider.php(63): Spatie\\LaravelSettings\\SettingsContainer->registerBindings()
#5 /var/www/html/vendor/laravel/framework/src/Illuminate/Foundation/Application.php(682): Spatie\\LaravelSettings\\LaravelSettingsServiceProvider->register()
#6 /var/www/html/vendor/laravel/framework/src/Illuminate/Foundation/ProviderRepository.php(75): Illuminate\\Foundation\\Application->register()
#7 /var/www/html/vendor/laravel/framework/src/Illuminate/Foundation/Application.php(659): Illuminate\\Foundation\\ProviderRepository->load()
#8 /var/www/html/vendor/laravel/framework/src/Illuminate/Foundation/Bootstrap/RegisterProviders.php(17): Illuminate\\Foundation\\Application->registerConfiguredProviders()
#9 /var/www/html/vendor/laravel/framework/src/Illuminate/Foundation/Application.php(237): Illuminate\\Foundation\\Bootstrap\\RegisterProviders->bootstrap()
#10 /var/www/html/vendor/laravel/framework/src/Illuminate/Foundation/Console/Kernel.php(310): Illuminate\\Foundation\\Application->bootstrapWith()
#11 /var/www/html/vendor/laravel/framework/src/Illuminate/Foundation/Console/Kernel.php(127): Illuminate\\Foundation\\Console\\Kernel->bootstrap()
#12 /var/www/html/artisan(35): Illuminate\\Foundation\\Console\\Kernel->handle()
#13 {main}
"} 
